<?xml version="1.0" encoding="UTF-8"?>
<!-- Generated by org.testng.reporters.JUnitReportReporter -->
<testsuite skipped="0" hostname="PUNL2T4QMQ2" name="com.qa.tests.DemoTest2" tests="4" failures="0" timestamp="04 Aug 2019 07:23:48 GMT" time="0.001" errors="0">
  <testcase name="sub" time="0.000" classname="com.qa.tests.DemoTest2"/>
  <testcase name="multi" time="0.000" classname="com.qa.tests.DemoTest2"/>
  <testcase name="div" time="0.001" classname="com.qa.tests.DemoTest2"/>
  <testcase name="sum" time="0.000" classname="com.qa.tests.DemoTest2"/>
</testsuite> <!-- com.qa.tests.DemoTest2 -->
